--- 2026-02-27T11:40:30 | Joel, the Dad | Session ended (app exit) ---
2026-02-27T11:27:14.453 FAULT=L3_ERRATIC reason='Erratic heart rate' last_ibi_ms=823 avg_ibi_ms=743 deviation_pct=10.7 threshold_pct=10 recent_ibis=[745, 712, 697, 688, 696, 724, 770, 801, 810, 823]
2026-02-27T11:28:18.508 FAULT=L3_ERRATIC reason='Erratic heart rate' last_ibi_ms=815 avg_ibi_ms=725 deviation_pct=12.4 threshold_pct=10 recent_ibis=[707, 706, 681, 667, 690, 704, 733, 753, 764, 815]
2026-02-27T11:30:29.409 FAULT=L3_ERRATIC reason='Erratic heart rate' last_ibi_ms=787 avg_ibi_ms=690 deviation_pct=13.9 threshold_pct=10 recent_ibis=[688, 661, 660, 667, 685, 680, 674, 708, 747, 787]
2026-02-27T11:34:35.503 FAULT=L3_ERRATIC reason='Erratic heart rate' last_ibi_ms=858 avg_ibi_ms=734 deviation_pct=16.9 threshold_pct=10 recent_ibis=[743, 740, 731, 710, 712, 716, 740, 771, 780, 858]
2026-02-27T11:35:08.405 FAULT=L3_ERRATIC reason='Erratic heart rate' last_ibi_ms=796 avg_ibi_ms=722 deviation_pct=10.1 threshold_pct=10 recent_ibis=[714, 690, 671, 662, 667, 693, 725, 776, 794, 796]
2026-02-27T11:35:42.404 FAULT=L3_ERRATIC reason='Erratic heart rate' last_ibi_ms=654 avg_ibi_ms=726 deviation_pct=10.0 threshold_pct=10 recent_ibis=[728, 751, 758, 771, 763, 732, 713, 689, 665, 654]
2026-02-27T11:36:02.399 FAULT=L3_ERRATIC reason='Erratic heart rate' last_ibi_ms=799 avg_ibi_ms=723 deviation_pct=10.4 threshold_pct=10 recent_ibis=[705, 703, 680, 683, 682, 684, 705, 745, 774, 799]
2026-02-27T11:37:25.405 FAULT=L3_ERRATIC reason='Erratic heart rate' last_ibi_ms=789 avg_ibi_ms=712 deviation_pct=10.7 threshold_pct=10 recent_ibis=[689, 707, 718, 721, 708, 699, 694, 728, 770, 789]
2026-02-27T11:37:46.397 FAULT=L3_ERRATIC reason='Erratic heart rate' last_ibi_ms=770 avg_ibi_ms=695 deviation_pct=10.7 threshold_pct=10 recent_ibis=[694, 694, 674, 705, 706, 711, 711, 738, 755, 770]
--- SUMMARY: L3_ERRATIC=9 ---
RECOMMEND: Increase Deviation Threshold and/or Deviation Window (Signal Quality)
--- 2026-02-27T11:52:02 | Joel, the Dad | Session ended (app exit) ---
2026-02-27T11:48:47.342 FAULT=L3_ERRATIC reason='Erratic heart rate' last_ibi_ms=810 avg_ibi_ms=729 deviation_pct=11.1 threshold_pct=10 recent_ibis=[693, 686, 708, 718, 721, 711, 743, 767, 794, 810]
2026-02-27T11:49:23.343 FAULT=L3_ERRATIC reason='Erratic heart rate' last_ibi_ms=789 avg_ibi_ms=717 deviation_pct=10.0 threshold_pct=10 recent_ibis=[727, 699, 673, 661, 680, 686, 701, 707, 753, 789]
2026-02-27T11:50:40.343 FAULT=L3_ERRATIC reason='Erratic heart rate' last_ibi_ms=732 avg_ibi_ms=658 deviation_pct=11.2 threshold_pct=10 recent_ibis=[617, 629, 635, 640, 636, 668, 688, 714, 713, 732]
--- SUMMARY: L3_ERRATIC=3 ---
RECOMMEND: Increase Deviation Threshold and/or Deviation Window (Signal Quality)
--- 2026-02-28T21:29:22 | Joel, the Dad | Session ended (app exit) ---
2026-02-28T21:03:50.170 FAULT=WATCHDOG_LOST reason='No data received' silence_sec=12.7 threshold_sec=5.0
2026-02-28T21:28:30.415 FAULT=L3_ERRATIC reason='Erratic heart rate' last_ibi_ms=467 avg_ibi_ms=721 deviation_pct=35.2 threshold_pct=30 recent_ibis=[730, 720, 720, 709, 713, 725, 738, 733, 707, 467]
2026-02-28T21:28:55.402 FAULT=L1_DROPOUT reason='Total signal dropout' last_ibi_ms=4532 threshold=3000 recent_ibis=[794, 379, 4532]
2026-02-28T21:29:13.411 FAULT=RMSSD_POPUP reason='Poor signal — electrodes may be dry' rmssd_ms=229.2 consecutive_breaches=12 threshold_noisy=200 threshold_poor=240
2026-02-28T21:29:16.423 FAULT=L3_ERRATIC reason='Erratic heart rate' last_ibi_ms=1150 avg_ibi_ms=606 deviation_pct=89.7 threshold_pct=30 recent_ibis=[601, 550, 550, 650, 550, 500, 600, 500, 550, 1150]
--- SUMMARY: L1_DROPOUT=1 L3_ERRATIC=2 RMSSD_POPUP=1 WATCHDOG_LOST=1 ---
RECOMMEND: Increase Deviation Threshold and/or Deviation Window (Signal Quality)
ACTION: Raise Deviation Threshold from 0.30 to 0.35 (Settings > Signal Quality)
--- 2026-03-01T20:50:44 | Joel, the Dad | Session ended (app exit) ---
2026-03-01T20:15:31.863 FAULT=L3_ERRATIC reason='Erratic heart rate' last_ibi_ms=351 avg_ibi_ms=590 deviation_pct=40.6 threshold_pct=30 recent_ibis=[614, 606, 602, 595, 589, 587, 592, 599, 594, 351]
2026-03-01T20:18:10.859 FAULT=L3_ERRATIC reason='Erratic heart rate' last_ibi_ms=918 avg_ibi_ms=677 deviation_pct=35.5 threshold_pct=30 recent_ibis=[648, 653, 669, 677, 502, 827, 668, 672, 660, 918]
2026-03-01T20:18:26.855 FAULT=L2_NOISE_LOW reason='Signal dropout or noise' last_ibi_ms=296 low_ms=300 high_ms=2000 recent_ibis=[702, 715, 709, 712, 712, 705, 707, 710, 302, 296]
2026-03-01T20:18:30.858 FAULT=L2_NOISE_LOW reason='Signal dropout or noise' last_ibi_ms=286 low_ms=300 high_ms=2000 recent_ibis=[710, 302, 296, 1596, 582, 834, 692, 700, 712, 286]
2026-03-01T20:18:33.850 FAULT=L2_NOISE_LOW reason='Signal dropout or noise' last_ibi_ms=276 low_ms=300 high_ms=2000 recent_ibis=[692, 700, 712, 286, 451, 749, 755, 750, 494, 276]
2026-03-01T20:18:35.850 FAULT=L2_NOISE_LOW reason='Signal dropout or noise' last_ibi_ms=283 low_ms=300 high_ms=2000 recent_ibis=[700, 712, 286, 451, 749, 755, 750, 494, 276, 283]
2026-03-01T20:18:54.861 FAULT=L3_ERRATIC reason='Erratic heart rate' last_ibi_ms=959 avg_ibi_ms=679 deviation_pct=41.1 threshold_pct=30 recent_ibis=[651, 653, 648, 636, 639, 643, 649, 621, 649, 959]
2026-03-01T20:20:02.854 FAULT=L3_ERRATIC reason='Erratic heart rate' last_ibi_ms=447 avg_ibi_ms=693 deviation_pct=35.5 threshold_pct=30 recent_ibis=[727, 752, 760, 754, 729, 713, 693, 680, 668, 447]
2026-03-01T20:22:30.127 FAULT=L3_ERRATIC reason='Erratic heart rate' last_ibi_ms=1356 avg_ibi_ms=669 deviation_pct=102.7 threshold_pct=30 recent_ibis=[650, 647, 641, 627, 627, 630, 640, 649, 666, 1356]
2026-03-01T20:23:37.846 FAULT=L3_ERRATIC reason='Erratic heart rate' last_ibi_ms=1416 avg_ibi_ms=710 deviation_pct=99.4 threshold_pct=30 recent_ibis=[695, 680, 671, 658, 645, 641, 641, 654, 684, 1416]
2026-03-01T20:24:19.882 FAULT=L3_ERRATIC reason='Erratic heart rate' last_ibi_ms=416 avg_ibi_ms=640 deviation_pct=35.1 threshold_pct=30 recent_ibis=[617, 621, 625, 634, 642, 645, 645, 638, 634, 416]
2026-03-01T20:44:29.848 FAULT=L3_ERRATIC reason='Erratic heart rate' last_ibi_ms=1393 avg_ibi_ms=735 deviation_pct=89.4 threshold_pct=30 recent_ibis=[678, 667, 665, 667, 679, 694, 692, 699, 703, 1393]
2026-03-01T20:50:37.832 FAULT=L3_ERRATIC reason='Erratic heart rate' last_ibi_ms=1171 avg_ibi_ms=695 deviation_pct=68.3 threshold_pct=30 recent_ibis=[646, 655, 663, 665, 656, 649, 645, 640, 635, 1171]
2026-03-01T20:50:37.895 FAULT=L2_NOISE_LOW reason='Signal dropout or noise' last_ibi_ms=294 low_ms=300 high_ms=2000 recent_ibis=[655, 663, 665, 656, 649, 645, 640, 635, 1171, 294]
--- SUMMARY: L2_NOISE_LOW=5 L3_ERRATIC=9 ---
RECOMMEND: Ensure electrodes wet and strap snug; consider Noise Floor IBI (Advanced); Increase Deviation Threshold and/or Deviation Window (Signal Quality)
ACTION: Raise Deviation Threshold from 0.30 to 0.35 (Settings > Signal Quality)
--- 2026-03-01T22:18:26 | Joel, the Dad | Session ended (disconnect) ---
2026-03-01T21:50:41.321 FAULT=L3_ERRATIC reason='Erratic heart rate' last_ibi_ms=470 avg_ibi_ms=698 deviation_pct=32.7 threshold_pct=30 recent_ibis=[704, 712, 714, 709, 730, 731, 714, 714, 711, 470]
2026-03-01T21:54:42.413 FAULT=L3_ERRATIC reason='Erratic heart rate' last_ibi_ms=1153 avg_ibi_ms=736 deviation_pct=56.5 threshold_pct=30 recent_ibis=[700, 711, 718, 732, 707, 564, 831, 718, 624, 1153]
2026-03-01T21:54:58.319 FAULT=L1_DROPOUT reason='Total signal dropout' last_ibi_ms=4130 threshold=3000 recent_ibis=[306, 4130]
2026-03-01T21:57:23.312 FAULT=L3_ERRATIC reason='Erratic heart rate' last_ibi_ms=484 avg_ibi_ms=692 deviation_pct=30.1 threshold_pct=30 recent_ibis=[714, 703, 694, 700, 670, 669, 644, 645, 890, 484]
2026-03-01T21:57:45.319 FAULT=WATCHDOG_LOST reason='No data received' silence_sec=5.0 threshold_sec=5.0
2026-03-01T21:57:45.365 FAULT=L2_NOISE_HIGH reason='Signal dropout or noise' last_ibi_ms=2799 low_ms=300 high_ms=2000 recent_ibis=[2799]
2026-03-01T21:57:49.304 FAULT=L2_NOISE_LOW reason='Signal dropout or noise' last_ibi_ms=268 low_ms=300 high_ms=2000 recent_ibis=[2799, 268]
2026-03-01T21:57:49.304 FAULT=L1_DROPOUT reason='Total signal dropout' last_ibi_ms=4335 threshold=3000 recent_ibis=[2799, 268, 4335]
2026-03-01T21:57:50.309 FAULT=L1_DROPOUT reason='Total signal dropout' last_ibi_ms=4005 threshold=3000 recent_ibis=[4005]
2026-03-01T22:04:13.318 FAULT=L3_ERRATIC reason='Erratic heart rate' last_ibi_ms=1081 avg_ibi_ms=678 deviation_pct=59.3 threshold_pct=30 recent_ibis=[628, 642, 638, 650, 643, 654, 654, 640, 629, 1081]
2026-03-01T22:04:56.319 FAULT=L3_ERRATIC reason='Erratic heart rate' last_ibi_ms=327 avg_ibi_ms=644 deviation_pct=49.3 threshold_pct=30 recent_ibis=[641, 656, 667, 664, 665, 669, 671, 655, 655, 327]
2026-03-01T22:10:59.302 FAULT=L3_ERRATIC reason='Erratic heart rate' last_ibi_ms=1399 avg_ibi_ms=782 deviation_pct=78.8 threshold_pct=30 recent_ibis=[795, 788, 785, 771, 750, 752, 750, 715, 713, 1399]
2026-03-01T22:11:14.348 FAULT=L1_DROPOUT reason='Total signal dropout' last_ibi_ms=4366 threshold=3000 recent_ibis=[703, 709, 710, 688, 333, 4366]
2026-03-01T22:11:35.378 FAULT=WATCHDOG_LOST reason='No data received' silence_sec=7.1 threshold_sec=5.0
2026-03-01T22:11:38.302 FAULT=L1_DROPOUT reason='Total signal dropout' last_ibi_ms=8494 threshold=3000 recent_ibis=[1248, 556, 8494]
2026-03-01T22:11:52.314 FAULT=L2_NOISE_HIGH reason='Signal dropout or noise' last_ibi_ms=2980 low_ms=300 high_ms=2000 recent_ibis=[1282, 1024, 480, 2980]
2026-03-01T22:12:22.298 FAULT=L3_ERRATIC reason='Erratic heart rate' last_ibi_ms=1165 avg_ibi_ms=712 deviation_pct=63.6 threshold_pct=30 recent_ibis=[716, 738, 742, 724, 723, 722, 709, 521, 540, 1165]
2026-03-01T22:12:23.300 FAULT=L2_NOISE_LOW reason='Signal dropout or noise' last_ibi_ms=273 low_ms=300 high_ms=2000 recent_ibis=[723, 722, 709, 521, 540, 1165, 1696, 723, 447, 273]
2026-03-01T22:13:26.306 FAULT=L3_ERRATIC reason='Erratic heart rate' last_ibi_ms=1150 avg_ibi_ms=586 deviation_pct=96.2 threshold_pct=30 recent_ibis=[551, 550, 550, 550, 600, 550, 550, 598, 552, 1150]
2026-03-01T22:13:43.362 FAULT=RMSSD_POPUP reason='Poor signal — electrodes may be dry' rmssd_ms=223.1 consecutive_breaches=12 threshold_noisy=200 threshold_poor=240
2026-03-01T22:13:53.360 FAULT=L3_ERRATIC reason='Erratic heart rate' last_ibi_ms=1150 avg_ibi_ms=584 deviation_pct=96.9 threshold_pct=30 recent_ibis=[550, 600, 500, 650, 500, 551, 550, 601, 500, 1150]
2026-03-01T22:14:09.309 FAULT=L3_ERRATIC reason='Erratic heart rate' last_ibi_ms=1002 avg_ibi_ms=594 deviation_pct=68.6 threshold_pct=30 recent_ibis=[551, 550, 551, 599, 500, 600, 601, 549, 651, 1002]
2026-03-01T22:14:27.307 FAULT=L3_ERRATIC reason='Erratic heart rate' last_ibi_ms=1150 avg_ibi_ms=586 deviation_pct=96.0 threshold_pct=30 recent_ibis=[501, 550, 601, 550, 551, 600, 500, 551, 600, 1150]
2026-03-01T22:15:13.374 FAULT=L3_ERRATIC reason='Erratic heart rate' last_ibi_ms=750 avg_ibi_ms=566 deviation_pct=32.4 threshold_pct=30 recent_ibis=[600, 551, 550, 600, 600, 550, 501, 551, 550, 750]
2026-03-01T22:15:50.310 FAULT=L3_ERRATIC reason='Erratic heart rate' last_ibi_ms=750 avg_ibi_ms=570 deviation_pct=31.5 threshold_pct=30 recent_ibis=[551, 550, 550, 650, 549, 500, 550, 600, 551, 750]
2026-03-01T22:15:57.295 FAULT=L2_NOISE_LOW reason='Signal dropout or noise' last_ibi_ms=295 low_ms=300 high_ms=2000 recent_ibis=[600, 651, 295]
2026-03-01T22:16:12.358 FAULT=L3_ERRATIC reason='Erratic heart rate' last_ibi_ms=1100 avg_ibi_ms=650 deviation_pct=69.2 threshold_pct=30 recent_ibis=[551, 1098, 653, 500, 550, 550, 551, 649, 551, 1100]
2026-03-01T22:16:44.306 FAULT=L3_ERRATIC reason='Erratic heart rate' last_ibi_ms=1150 avg_ibi_ms=586 deviation_pct=96.2 threshold_pct=30 recent_ibis=[598, 501, 600, 500, 600, 601, 550, 551, 550, 1150]
2026-03-01T22:17:28.396 FAULT=L3_ERRATIC reason='Erratic heart rate' last_ibi_ms=1700 avg_ibi_ms=606 deviation_pct=180.4 threshold_pct=30 recent_ibis=[551, 599, 550, 550, 550, 601, 550, 551, 550, 1700]
2026-03-01T22:17:42.363 FAULT=L3_ERRATIC reason='Erratic heart rate' last_ibi_ms=1151 avg_ibi_ms=646 deviation_pct=78.0 threshold_pct=30 recent_ibis=[601, 500, 550, 551, 1151, 442, 659, 550, 550, 1151]
2026-03-01T22:17:57.301 FAULT=L3_ERRATIC reason='Erratic heart rate' last_ibi_ms=1100 avg_ibi_ms=600 deviation_pct=83.3 threshold_pct=30 recent_ibis=[549, 550, 551, 549, 600, 550, 551, 649, 501, 1100]
2026-03-01T22:18:12.310 FAULT=RMSSD_POPUP reason='Poor signal — electrodes may be dry' rmssd_ms=215.35 consecutive_breaches=12 threshold_noisy=200 threshold_poor=240
--- SUMMARY: L1_DROPOUT=5 L2_NOISE_HIGH=2 L2_NOISE_LOW=3 L3_ERRATIC=18 RMSSD_POPUP=2 WATCHDOG_LOST=2 ---
RECOMMEND: Increase Deviation Threshold and/or Deviation Window (Signal Quality)
ACTION: Raise Deviation Threshold from 0.30 to 0.35 (Settings > Signal Quality)
--- 2026-03-02T19:31:33 | Joel, the Dad | Session ended (app exit) ---
2026-03-02T19:19:12.845 FAULT=WATCHDOG_LOST reason='No data received' silence_sec=15.7 threshold_sec=5.0
--- SUMMARY: WATCHDOG_LOST=1 ---
RECOMMEND: Increase Data Timeout (Settings > Signal Quality)
ACTION: Raise Data Timeout from 5.0 to 10.0 s (Settings > Signal Quality)
--- 2026-03-03T16:48:50 | Joel, the Dad | Session ended (app exit) ---
2026-03-03T16:42:21.392 FAULT=L3_ERRATIC reason='Erratic heart rate' last_ibi_ms=958 avg_ibi_ms=685 deviation_pct=39.8 threshold_pct=30 recent_ibis=[677, 675, 668, 670, 688, 706, 721, 738, 485, 958]
2026-03-03T16:46:13.407 FAULT=L3_ERRATIC reason='Erratic heart rate' last_ibi_ms=464 avg_ibi_ms=761 deviation_pct=39.1 threshold_pct=30 recent_ibis=[758, 789, 792, 774, 761, 773, 781, 783, 771, 464]
--- SUMMARY: L3_ERRATIC=2 ---
RECOMMEND: Increase Deviation Threshold and/or Deviation Window (Signal Quality)
ACTION: Raise Deviation Threshold from 0.30 to 0.35 (Settings > Signal Quality)
--- 2026-03-03T21:01:31 | Joel, the Dad | Session ended (app exit) ---
2026-03-03T20:54:54.454 FAULT=WATCHDOG_LOST reason='No data received' silence_sec=7.4 threshold_sec=5.0
--- SUMMARY: WATCHDOG_LOST=1 ---
RECOMMEND: Increase Data Timeout (Settings > Signal Quality)
ACTION: Raise Data Timeout from 5.0 to 10.0 s (Settings > Signal Quality)
--- 2026-03-03T22:04:07 | Joel, the Dad | Session ended (app exit) ---
2026-03-03T21:45:26.898 FAULT=RMSSD_POPUP reason='Poor signal — electrodes may be dry' rmssd_ms=230.27 consecutive_breaches=12 threshold_noisy=200 threshold_poor=240
2026-03-03T21:50:49.895 FAULT=L3_ERRATIC reason='Erratic heart rate' last_ibi_ms=1510 avg_ibi_ms=799 deviation_pct=89.0 threshold_pct=30 recent_ibis=[778, 761, 763, 762, 764, 748, 762, 772, 760, 1510]
2026-03-03T21:51:49.889 FAULT=L3_ERRATIC reason='Erratic heart rate' last_ibi_ms=462 avg_ibi_ms=764 deviation_pct=39.6 threshold_pct=30 recent_ibis=[793, 781, 762, 777, 778, 772, 768, 789, 792, 462]
2026-03-03T21:53:34.897 FAULT=L3_ERRATIC reason='Erratic heart rate' last_ibi_ms=464 avg_ibi_ms=766 deviation_pct=39.5 threshold_pct=30 recent_ibis=[777, 783, 776, 793, 795, 798, 792, 788, 785, 464]
2026-03-03T21:57:42.895 FAULT=L3_ERRATIC reason='Erratic heart rate' last_ibi_ms=465 avg_ibi_ms=763 deviation_pct=39.1 threshold_pct=30 recent_ibis=[783, 787, 795, 792, 800, 806, 799, 800, 795, 465]
2026-03-03T22:01:21.898 FAULT=L3_ERRATIC reason='Erratic heart rate' last_ibi_ms=462 avg_ibi_ms=765 deviation_pct=39.7 threshold_pct=30 recent_ibis=[753, 749, 751, 754, 758, 760, 773, 779, 785, 462]
2026-03-03T22:02:19.898 FAULT=L3_ERRATIC reason='Erratic heart rate' last_ibi_ms=466 avg_ibi_ms=781 deviation_pct=40.4 threshold_pct=30 recent_ibis=[818, 811, 781, 792, 777, 770, 783, 797, 768, 466]
2026-03-03T22:03:03.852 FAULT=L2_NOISE_LOW reason='Signal dropout or noise' last_ibi_ms=282 low_ms=300 high_ms=2000 recent_ibis=[767, 769, 765, 760, 771, 779, 789, 796, 758, 282]
2026-03-03T22:03:21.852 FAULT=L2_NOISE_LOW reason='Signal dropout or noise' last_ibi_ms=297 low_ms=300 high_ms=2000 recent_ibis=[796, 758, 282, 472, 355, 624, 1678, 760, 760, 297]
2026-03-03T22:03:57.892 FAULT=L3_ERRATIC reason='Erratic heart rate' last_ibi_ms=1100 avg_ibi_ms=584 deviation_pct=88.3 threshold_pct=30 recent_ibis=[600, 550, 550, 600, 550, 551, 701, 452, 549, 1100]
--- SUMMARY: L2_NOISE_LOW=2 L3_ERRATIC=7 RMSSD_POPUP=1 ---
RECOMMEND: Ensure electrodes wet and strap snug; consider Noise Floor IBI (Advanced); Increase Deviation Threshold and/or Deviation Window (Signal Quality)
ACTION: Raise Deviation Threshold from 0.30 to 0.35 (Settings > Signal Quality)
--- 2026-03-03T22:08:51 | Joel, the Dad | Session ended (app exit) ---
2026-03-03T22:06:50.498 FAULT=RMSSD_POPUP reason='Poor signal — electrodes may be dry' rmssd_ms=203.77 consecutive_breaches=12 threshold_noisy=200 threshold_poor=240
--- SUMMARY: RMSSD_POPUP=1 ---
RECOMMEND: Wet strap and ensure snug fit; movement or dry electrodes
ACTION: Wet strap and ensure snug fit; check electrode contact
--- 2026-03-03T22:16:42 | Joel, the Dad | Session ended (disconnect) ---
2026-03-03T22:16:10.069 FAULT=RMSSD_POPUP reason='Poor signal — electrodes may be dry' rmssd_ms=250 consecutive_breaches=12 threshold_noisy=200 threshold_poor=240
--- SUMMARY: RMSSD_POPUP=1 ---
RECOMMEND: Wet strap and ensure snug fit; movement or dry electrodes
ACTION: Wet strap and ensure snug fit; check electrode contact
